<?xml version="1.0" encoding="UTF-8"?>
<!-- Generated by org.testng.reporters.JUnitReportReporter -->
<testsuite skipped="0" hostname="LP-5CD8120X1W" name="com.CA.testcases.EnquiryPageTest" tests="1" failures="0" timestamp="12 Jan 2022 12:37:11 GMT" time="7.606" errors="0">
  <testcase name="contactDetailsTest" time="7.606" classname="com.CA.testcases.EnquiryPageTest"/>
</testsuite> <!-- com.CA.testcases.EnquiryPageTest -->
